<?xml version="1.0" encoding="UTF-8"?>
<!-- Generated by org.testng.reporters.JUnitReportReporter -->
<testsuite hostname="Anoops-MBP-2" failures="0" tests="1" name="uk.co.testing.OrderCompleteTest" time="25.192" errors="0" timestamp="2023-02-19T17:28:05 EST" skipped="0">
  <testcase classname="uk.co.testing.OrderCompleteTest" name="endToEndTest" time="25.192"/>
  <system-out/>
</testsuite> <!-- uk.co.testing.OrderCompleteTest -->
