<?xml version="1.0" encoding="UTF-8"?>
<!-- Generated by org.testng.reporters.JUnitReportReporter -->
<testsuite hostname="Anoops-MBP-2" failures="0" tests="1" name="uk.co.testing.AppTest" time="0.001" errors="0" timestamp="2023-01-30T15:12:04 EST" skipped="0">
  <testcase classname="uk.co.testing.AppTest" name="shouldAnswerWithTrue" time="0.001"/>
  <system-out/>
</testsuite> <!-- uk.co.testing.AppTest -->
